[01:30:39] [INFO] [GardenController$] [UI] Building garden grid for Player 'Guest' (ID: -1967386193) with 2 rows × 6 columns
[01:30:40] [INFO] [GardenController$] Plot [0,3] clicked. Current status: Empty | Current crop: Empty
[01:30:40] [INFO] [GardenController$] No crop in plot [0,3], keeping UI empty
[01:30:47] [INFO] [GardenController$] [INPUT] Player 'Guest' clicked Plant on plot [0,3] → crop='Empty', status='Empty'
[01:30:47] [INFO] [GardenController$] [ACTION] Planting 'Tomato' in plot [0,3] for Player 'Guest'. Status → Growing.
[01:30:49] [INFO] [GardenController$] Plot [1,3] clicked. Current status: Empty | Current crop: Empty
[01:30:49] [INFO] [GardenController$] No crop in plot [1,3], keeping UI empty
[01:30:50] [INFO] [GardenController$] [EVENT] Growth complete for plot [0,3]. Crop='Tomato' now Ready for harvest.
[01:30:56] [INFO] [GardenController$] [INPUT] Player 'Guest' clicked Plant on plot [1,3] → crop='Empty', status='Empty'
[01:30:56] [INFO] [GardenController$] [ACTION] Planting 'Wheat' in plot [1,3] for Player 'Guest'. Status → Growing.
[01:30:59] [INFO] [GardenController$] [EVENT] Growth complete for plot [1,3]. Crop='Wheat' now Ready for harvest.
[01:31:00] [INFO] [GardenController$] [ACTION] Player 'Guest' pressed Harvest on plot [0,3] → crop='Tomato', status='Ready'
[01:31:00] [INFO] [GardenController$] [SUCCESS] Harvested 'Tomato' (+6 points) for Player 'Guest' (ID: -1967386193). Plot [0,3] reset to Empty.
[01:31:02] [INFO] [GardenController$] [ACTION] Player 'Guest' pressed Harvest on plot [1,3] → crop='Wheat', status='Ready'
[01:31:02] [INFO] [GardenController$] [SUCCESS] Harvested 'Wheat' (+6 points) for Player 'Guest' (ID: -1967386193). Plot [1,3] reset to Empty.
[01:31:04] [INFO] [GardenController$] Plot [0,0] clicked. Current status: Empty | Current crop: Empty
[01:31:04] [INFO] [GardenController$] No crop in plot [0,0], keeping UI empty
[01:31:07] [INFO] [GardenController$] [INPUT] Player 'Guest' clicked Plant on plot [0,0] → crop='Empty', status='Empty'
[01:31:07] [INFO] [GardenController$] [ACTION] Planting 'Carrot' in plot [0,0] for Player 'Guest'. Status → Growing.
[01:31:11] [INFO] [GardenController$] [EVENT] Growth complete for plot [0,0]. Crop='Carrot' now Ready for harvest.
[01:31:14] [INFO] [GardenController$] [ACTION] Player 'Guest' pressed Harvest on plot [0,0] → crop='Carrot', status='Ready'
[01:31:14] [INFO] [GardenController$] [SUCCESS] Harvested 'Carrot' (+5 points) for Player 'Guest' (ID: -1967386193). Plot [0,0] reset to Empty.
[01:31:16] [INFO] [GardenController$] Plot [0,5] clicked. Current status: Empty | Current crop: Empty
[01:31:16] [INFO] [GardenController$] No crop in plot [0,5], keeping UI empty
[01:31:22] [INFO] [GardenController$] [INPUT] Player 'Guest' clicked Plant on plot [0,5] → crop='Empty', status='Empty'
[01:31:22] [INFO] [GardenController$] [ACTION] Planting 'Eggplant' in plot [0,5] for Player 'Guest'. Status → Growing.
[01:31:23] [INFO] [GardenController$] Plot [0,4] clicked. Current status: Empty | Current crop: Empty
[01:31:23] [INFO] [GardenController$] No crop in plot [0,4], keeping UI empty
[01:31:25] [INFO] [GardenController$] [EVENT] Growth complete for plot [0,5]. Crop='Eggplant' now Ready for harvest.
[01:31:28] [INFO] [GardenController$] [INPUT] Player 'Guest' clicked Plant on plot [0,4] → crop='Empty', status='Empty'
[01:31:28] [INFO] [GardenController$] [ACTION] Planting 'Tomato' in plot [0,4] for Player 'Guest'. Status → Growing.
[01:31:29] [INFO] [GardenController$] Plot [0,3] clicked. Current status: Empty | Current crop: Empty
[01:31:29] [INFO] [GardenController$] No crop in plot [0,3], keeping UI empty
[01:31:31] [INFO] [GardenController$] [EVENT] Growth complete for plot [0,4]. Crop='Tomato' now Ready for harvest.
[01:31:35] [INFO] [GardenController$] [INPUT] Player 'Guest' clicked Plant on plot [0,3] → crop='Empty', status='Empty'
[01:31:35] [INFO] [GardenController$] [ACTION] Planting 'Corn' in plot [0,3] for Player 'Guest'. Status → Growing.
[01:31:35] [INFO] [GardenController$] Plot [0,2] clicked. Current status: Empty | Current crop: Empty
[01:31:35] [INFO] [GardenController$] No crop in plot [0,2], keeping UI empty
[01:31:38] [INFO] [GardenController$] [EVENT] Growth complete for plot [0,3]. Crop='Corn' now Ready for harvest.
[01:31:38] [INFO] [GardenController$] [INPUT] Player 'Guest' clicked Plant on plot [0,2] → crop='Empty', status='Empty'
[01:31:38] [INFO] [GardenController$] [ACTION] Planting 'Wheat' in plot [0,2] for Player 'Guest'. Status → Growing.
[01:31:41] [INFO] [GardenController$] Plot [0,1] clicked. Current status: Empty | Current crop: Empty
[01:31:41] [INFO] [GardenController$] No crop in plot [0,1], keeping UI empty
[01:31:42] [INFO] [GardenController$] [EVENT] Growth complete for plot [0,2]. Crop='Wheat' now Ready for harvest.
[01:31:48] [INFO] [GardenController$] [INPUT] Player 'Guest' clicked Plant on plot [0,1] → crop='Empty', status='Empty'
[01:31:48] [INFO] [GardenController$] [ACTION] Planting 'Kiwi' in plot [0,1] for Player 'Guest'. Status → Growing.
[01:31:50] [INFO] [GardenController$] Plot [0,0] clicked. Current status: Empty | Current crop: Empty
[01:31:50] [INFO] [GardenController$] No crop in plot [0,0], keeping UI empty
[01:31:51] [INFO] [GardenController$] [EVENT] Growth complete for plot [0,1]. Crop='Kiwi' now Ready for harvest.
[01:31:59] [INFO] [GardenController$] Plot [0,0] clicked. Current status: Empty | Current crop: Empty
[01:31:59] [INFO] [GardenController$] No crop in plot [0,0], keeping UI empty
[01:32:02] [INFO] [GardenController$] [INPUT] Player 'Guest' clicked Plant on plot [0,0] → crop='Empty', status='Empty'
[01:32:02] [INFO] [GardenController$] [ACTION] Planting 'Carrot' in plot [0,0] for Player 'Guest'. Status → Growing.
[01:32:05] [INFO] [GardenController$] [EVENT] Growth complete for plot [0,0]. Crop='Carrot' now Ready for harvest.
[01:32:07] [INFO] [GardenController$] Plot [0,1] clicked. Current status: Ready | Current crop: Kiwi
[01:32:07] [INFO] [GardenController$] Showing harvest button for plot [0,1]
[01:32:08] [INFO] [GardenController$] Plot [0,2] clicked. Current status: Ready | Current crop: Wheat
[01:32:08] [INFO] [GardenController$] Showing harvest button for plot [0,2]
[01:32:08] [INFO] [GardenController$] Plot [0,3] clicked. Current status: Ready | Current crop: Corn
[01:32:08] [INFO] [GardenController$] Showing harvest button for plot [0,3]
[01:32:09] [INFO] [GardenController$] Plot [0,4] clicked. Current status: Ready | Current crop: Tomato
[01:32:09] [INFO] [GardenController$] Showing harvest button for plot [0,4]
[01:32:10] [INFO] [GardenController$] Plot [0,5] clicked. Current status: Ready | Current crop: Eggplant
[01:32:10] [INFO] [GardenController$] Showing harvest button for plot [0,5]
[01:32:13] [INFO] [GardenController$] [UI] Building garden grid for Player 'Guest' (ID: -1967386193) with 2 rows × 6 columns
[01:32:14] [INFO] [GardenController$] Plot [0,0] clicked. Current status: Ready | Current crop: Carrot
[01:32:14] [INFO] [GardenController$] Showing harvest button for plot [0,0]
[01:32:14] [INFO] [GardenController$] [ACTION] Player 'Guest' pressed Harvest on plot [0,0] → crop='Carrot', status='Ready'
[01:32:14] [INFO] [GardenController$] [SUCCESS] Harvested 'Carrot' (+5 points) for Player 'Guest' (ID: -1967386193). Plot [0,0] reset to Empty.
[01:32:16] [INFO] [GardenController$] Plot [0,1] clicked. Current status: Ready | Current crop: Kiwi
[01:32:16] [INFO] [GardenController$] Showing harvest button for plot [0,1]
[01:32:17] [INFO] [GardenController$] [ACTION] Player 'Guest' pressed Harvest on plot [0,1] → crop='Kiwi', status='Ready'
[01:32:17] [INFO] [GardenController$] [SUCCESS] Harvested 'Kiwi' (+5 points) for Player 'Guest' (ID: -1967386193). Plot [0,1] reset to Empty.
[01:32:19] [INFO] [GardenController$] Plot [0,2] clicked. Current status: Ready | Current crop: Wheat
[01:32:19] [INFO] [GardenController$] Showing harvest button for plot [0,2]
[01:32:19] [INFO] [GardenController$] [ACTION] Player 'Guest' pressed Harvest on plot [0,2] → crop='Wheat', status='Ready'
[01:32:19] [INFO] [GardenController$] [SUCCESS] Harvested 'Wheat' (+6 points) for Player 'Guest' (ID: -1967386193). Plot [0,2] reset to Empty.
[01:32:21] [INFO] [GardenController$] Plot [0,3] clicked. Current status: Ready | Current crop: Corn
[01:32:21] [INFO] [GardenController$] Showing harvest button for plot [0,3]
[01:32:21] [INFO] [GardenController$] [ACTION] Player 'Guest' pressed Harvest on plot [0,3] → crop='Corn', status='Ready'
[01:32:21] [INFO] [GardenController$] [SUCCESS] Harvested 'Corn' (+4 points) for Player 'Guest' (ID: -1967386193). Plot [0,3] reset to Empty.
[01:32:22] [INFO] [GardenController$] Plot [0,4] clicked. Current status: Ready | Current crop: Tomato
[01:32:22] [INFO] [GardenController$] Showing harvest button for plot [0,4]
[01:32:23] [INFO] [GardenController$] [ACTION] Player 'Guest' pressed Harvest on plot [0,4] → crop='Tomato', status='Ready'
[01:32:23] [INFO] [GardenController$] [SUCCESS] Harvested 'Tomato' (+6 points) for Player 'Guest' (ID: -1967386193). Plot [0,4] reset to Empty.
[01:32:24] [INFO] [GardenController$] Plot [0,5] clicked. Current status: Ready | Current crop: Eggplant
[01:32:24] [INFO] [GardenController$] Showing harvest button for plot [0,5]
[01:32:25] [INFO] [GardenController$] [ACTION] Player 'Guest' pressed Harvest on plot [0,5] → crop='Eggplant', status='Ready'
[01:32:25] [INFO] [GardenController$] [SUCCESS] Harvested 'Eggplant' (+6 points) for Player 'Guest' (ID: -1967386193). Plot [0,5] reset to Empty.
